 
****************************************
Report : area
Design : accelerator_streamer_wrap
Version: T-2022.03
Date   : Sat Jul 19 12:00:54 2025
****************************************

Library(s) Used:

    GF22FDX_SC8T_104CPP_BASE_CSC28L_TT_0P80V_0P00V_0P00V_0P00V_25C (File: /scratch/sem25f34/AcceleratorDefinitive/gf22/technology/db/GF22FDX_SC8T_104CPP_BASE_CSC28L_TT_0P80V_0P00V_0P00V_0P00V_25C.db)
    GF22FDX_SC8T_104CPP_BASE_CSC20SL_TT_0P80V_0P00V_0P00V_0P00V_25C (File: /scratch/sem25f34/AcceleratorDefinitive/gf22/technology/db/GF22FDX_SC8T_104CPP_BASE_CSC20SL_TT_0P80V_0P00V_0P00V_0P00V_25C.db)
    GF22FDX_SC8T_104CPP_BASE_CSC24SL_TT_0P80V_0P00V_0P00V_0P00V_25C (File: /scratch/sem25f34/AcceleratorDefinitive/gf22/technology/db/GF22FDX_SC8T_104CPP_BASE_CSC24SL_TT_0P80V_0P00V_0P00V_0P00V_25C.db)
    GF22FDX_SC8T_104CPP_BASE_CSC28SL_TT_0P80V_0P00V_0P00V_0P00V_25C (File: /scratch/sem25f34/AcceleratorDefinitive/gf22/technology/db/GF22FDX_SC8T_104CPP_BASE_CSC28SL_TT_0P80V_0P00V_0P00V_0P00V_25C.db)
    GF22FDX_SC8T_104CPP_BASE_CSC20L_TT_0P80V_0P00V_0P00V_0P00V_25C (File: /scratch/sem25f34/AcceleratorDefinitive/gf22/technology/db/GF22FDX_SC8T_104CPP_BASE_CSC20L_TT_0P80V_0P00V_0P00V_0P00V_25C.db)
    GF22FDX_SC8T_104CPP_BASE_CSC24L_TT_0P80V_0P00V_0P00V_0P00V_25C (File: /scratch/sem25f34/AcceleratorDefinitive/gf22/technology/db/GF22FDX_SC8T_104CPP_BASE_CSC24L_TT_0P80V_0P00V_0P00V_0P00V_25C.db)

Number of ports:                         9693
Number of nets:                         19992
Number of cells:                        13361
Number of combinational cells:          11560
Number of sequential cells:              1756
Number of macros/black boxes:               0
Number of buf/inv:                       2052
Number of references:                      13

Combinational area:               4231.352304
Buf/Inv area:                      297.190401
Noncombinational area:            2772.889642
Macro/Black Box area:                0.000000
Net Interconnect area:      undefined  (No wire load specified)

Total cell area:                  7004.241946
Total area:                 undefined

Hierarchical area distribution
------------------------------

                                  Global cell area          Local cell area
                                  ------------------  ---------------------------- 
Hierarchical cell                 Absolute   Percent  Combi-     Noncombi-  Black-
                                  Total      Total    national   national   boxes   Design
--------------------------------  ---------  -------  ---------  ---------  ------  -----------------------------------------------------------------------------------------------------------------------------------------------------------------------------------------------------------------------------------------------------------------------------------------------------------------------------------------------------------------
accelerator_streamer_wrap         7004.2419    100.0    54.5126     0.0000  0.0000  accelerator_streamer_wrap
streamer_i                        6949.7293     99.2   174.1210   481.0957  0.0000  accelerator_streamer_128_0_128_32_32_64_4_I_dataX_o_hwpe_stream_intf_stream__DATA_WIDTH_128I_dataY_o_hwpe_stream_intf_stream__DATA_WIDTH_128I_dataZ_i_hwpe_stream_intf_stream__DATA_WIDTH_256I_tcdm_hci_core_intf_initiator_DW_128_AW_32_h00000020_BW_32_h00000008_UW_32_h00000001_IW_32_h00000008_EW_32_h00000001_EHW_32_h00000001_252949
streamer_i/X_scheduler            2250.7930     32.1  1527.2192   438.5638  0.0000  X_data_scheduler_00000080_00000020_00000080_I_elem_num_o_hwpe_stream_intf_stream__DATA_WIDTH_8I_addr_o_hwpe_stream_intf_stream__DATA_WIDTH_48
streamer_i/X_scheduler/X_addr_fifo
                                   156.0832      2.2    40.1357   113.1520  0.0000  hwpe_stream_fifo_DATA_WIDTH32_FIFO_DEPTH2_I_push_i_hwpe_stream_intf_stream__DATA_WIDTH_32I_pop_o_hwpe_stream_intf_stream_source_DATA_WIDTH_48
streamer_i/X_scheduler/X_addr_fifo/clk_gate_fifo_registers_reg[0]
                                     1.3978      0.0     0.0000     1.3978  0.0000  SNPS_CLOCK_GATE_HIGH_hwpe_stream_fifo_DATA_WIDTH32_FIFO_DEPTH2_I_push_i_hwpe_stream_intf_stream__DATA_WIDTH_32I_pop_o_hwpe_stream_intf_stream_source_DATA_WIDTH_48_1
streamer_i/X_scheduler/X_addr_fifo/clk_gate_fifo_registers_reg[1]
                                     1.3978      0.0     0.0000     1.3978  0.0000  SNPS_CLOCK_GATE_HIGH_hwpe_stream_fifo_DATA_WIDTH32_FIFO_DEPTH2_I_push_i_hwpe_stream_intf_stream__DATA_WIDTH_32I_pop_o_hwpe_stream_intf_stream_source_DATA_WIDTH_48_0
streamer_i/X_scheduler/clk_gate_needing_meta_nextcycle_q_reg
                                     1.3978      0.0     0.0000     1.3978  0.0000  SNPS_CLOCK_GATE_HIGH_X_data_scheduler_00000080_00000020_00000080_I_elem_num_o_hwpe_stream_intf_stream__DATA_WIDTH_8I_addr_o_hwpe_stream_intf_stream__DATA_WIDTH_48_0
streamer_i/X_scheduler/clk_gate_params_q_reg[base_address]
                                     1.3978      0.0     0.0000     1.3978  0.0000  SNPS_CLOCK_GATE_HIGH_X_data_scheduler_00000080_00000020_00000080_I_elem_num_o_hwpe_stream_intf_stream__DATA_WIDTH_8I_addr_o_hwpe_stream_intf_stream__DATA_WIDTH_48_2
streamer_i/X_scheduler/clk_gate_previous_meta_addr_q_reg
                                     1.3978      0.0     0.0000     1.3978  0.0000  SNPS_CLOCK_GATE_HIGH_X_data_scheduler_00000080_00000020_00000080_I_elem_num_o_hwpe_stream_intf_stream__DATA_WIDTH_8I_addr_o_hwpe_stream_intf_stream__DATA_WIDTH_48_1
streamer_i/X_scheduler/elem_num_fifo
                                    30.9504      0.4    11.5149    16.6400  0.0000  hwpe_stream_fifo_DATA_WIDTH8_FIFO_DEPTH2_I_push_i_hwpe_stream_intf_stream__DATA_WIDTH_8I_pop_o_hwpe_stream_intf_stream_source_DATA_WIDTH_8
streamer_i/X_scheduler/elem_num_fifo/clk_gate_fifo_registers_reg[0]
                                     1.3978      0.0     0.0000     1.3978  0.0000  SNPS_CLOCK_GATE_HIGH_hwpe_stream_fifo_DATA_WIDTH8_FIFO_DEPTH2_I_push_i_hwpe_stream_intf_stream__DATA_WIDTH_8I_pop_o_hwpe_stream_intf_stream_source_DATA_WIDTH_8_1
streamer_i/X_scheduler/elem_num_fifo/clk_gate_fifo_registers_reg[1]
                                     1.3978      0.0     0.0000     1.3978  0.0000  SNPS_CLOCK_GATE_HIGH_hwpe_stream_fifo_DATA_WIDTH8_FIFO_DEPTH2_I_push_i_hwpe_stream_intf_stream__DATA_WIDTH_8I_pop_o_hwpe_stream_intf_stream_source_DATA_WIDTH_8_0
streamer_i/X_scheduler/meta_searcher
                                    93.7830      1.3    93.7830     0.0000  0.0000  lzc_00000080_1_1
streamer_i/Y_scheduler            2060.8307     29.4  1321.1494   424.7194  0.0000  Y_data_scheduler_00000020_00000080_00000004_I_addr_o_hwpe_stream_intf_stream__DATA_WIDTH_48
streamer_i/Y_scheduler/Y_addr_fifo
                                   221.7779      3.2    52.5824   166.4000  0.0000  hwpe_stream_fifo_DATA_WIDTH48_FIFO_DEPTH2_I_push_i_hwpe_stream_intf_stream__DATA_WIDTH_48I_pop_o_hwpe_stream_intf_stream_source_DATA_WIDTH_48
streamer_i/Y_scheduler/Y_addr_fifo/clk_gate_fifo_registers_reg[0]
                                     1.3978      0.0     0.0000     1.3978  0.0000  SNPS_CLOCK_GATE_HIGH_hwpe_stream_fifo_DATA_WIDTH48_FIFO_DEPTH2_I_push_i_hwpe_stream_intf_stream__DATA_WIDTH_48I_pop_o_hwpe_stream_intf_stream_source_DATA_WIDTH_48_1
streamer_i/Y_scheduler/Y_addr_fifo/clk_gate_fifo_registers_reg[1]
                                     1.3978      0.0     0.0000     1.3978  0.0000  SNPS_CLOCK_GATE_HIGH_hwpe_stream_fifo_DATA_WIDTH48_FIFO_DEPTH2_I_push_i_hwpe_stream_intf_stream__DATA_WIDTH_48I_pop_o_hwpe_stream_intf_stream_source_DATA_WIDTH_48_0
streamer_i/Y_scheduler/clk_gate_params_q_reg[base_address]
                                     1.3978      0.0     0.0000     1.3978  0.0000  SNPS_CLOCK_GATE_HIGH_Y_data_scheduler_00000020_00000080_00000004_I_addr_o_hwpe_stream_intf_stream__DATA_WIDTH_48_2
streamer_i/Y_scheduler/clk_gate_previous_meta_addr_q_reg
                                     1.3978      0.0     0.0000     1.3978  0.0000  SNPS_CLOCK_GATE_HIGH_Y_data_scheduler_00000020_00000080_00000004_I_addr_o_hwpe_stream_intf_stream__DATA_WIDTH_48_0
streamer_i/Y_scheduler/clk_gate_x_row_q_reg
                                     1.3978      0.0     0.0000     1.3978  0.0000  SNPS_CLOCK_GATE_HIGH_Y_data_scheduler_00000020_00000080_00000004_I_addr_o_hwpe_stream_intf_stream__DATA_WIDTH_48_1
streamer_i/Y_scheduler/meta_searcher
                                    88.9907      1.3    88.9907     0.0000  0.0000  lzc_00000080_1_0
streamer_i/Z_data_accumulator      755.1232     10.8   170.1274   582.2003  0.0000  output_stream_accumulator_00000040_00000100_00000080_I_stream_i_hwpe_stream_intf_stream_sink_DATA_WIDTH_256I_stream_o_hwpe_stream_intf_stream_source_DATA_WIDTH_32_h00000080
streamer_i/Z_data_accumulator/clk_gate_beat_count_q_reg
                                     1.3978      0.0     0.0000     1.3978  0.0000  SNPS_CLOCK_GATE_HIGH_output_stream_accumulator_00000040_00000100_00000080_I_stream_i_hwpe_stream_intf_stream_sink_DATA_WIDTH_256I_stream_o_hwpe_stream_intf_stream_source_DATA_WIDTH_32_h00000080_1
streamer_i/Z_data_accumulator/clk_gate_buffer_q_reg
                                     1.3978      0.0     0.0000     1.3978  0.0000  SNPS_CLOCK_GATE_HIGH_output_stream_accumulator_00000040_00000100_00000080_I_stream_i_hwpe_stream_intf_stream_sink_DATA_WIDTH_256I_stream_o_hwpe_stream_intf_stream_source_DATA_WIDTH_32_h00000080_0
streamer_i/Z_scheduler             521.8304      7.5   251.9962   265.6410  0.0000  Z_data_scheduler_00000080_00000040_00000004
streamer_i/Z_scheduler/clk_gate_config_o_q_reg[req_start]
                                     1.3978      0.0     0.0000     1.3978  0.0000  SNPS_CLOCK_GATE_HIGH_Z_data_scheduler_00000080_00000040_00000004_1
streamer_i/Z_scheduler/clk_gate_current_offset_address_q_reg
                                     1.3978      0.0     0.0000     1.3978  0.0000  SNPS_CLOCK_GATE_HIGH_Z_data_scheduler_00000080_00000040_00000004_2
streamer_i/Z_scheduler/clk_gate_params_q_reg[base_address]
                                     1.3978      0.0     0.0000     1.3978  0.0000  SNPS_CLOCK_GATE_HIGH_Z_data_scheduler_00000080_00000040_00000004_0
streamer_i/clk_gate_X_buf_q_reg      1.3978      0.0     0.0000     1.3978  0.0000  SNPS_CLOCK_GATE_HIGH_accelerator_streamer_128_0_128_32_32_64_4_I_dataX_o_hwpe_stream_intf_stream__DATA_WIDTH_128I_dataY_o_hwpe_stream_intf_stream__DATA_WIDTH_128I_dataZ_i_hwpe_stream_intf_stream__DATA_WIDTH_256I_tcdm_hci_core_intf_initiator_DW_128_AW_32_h00000020_BW_32_h00000008_UW_32_h00000001_IW_32_h00000008_EW_32_h00000001_EHW_32_h00000001_252949_2
streamer_i/clk_gate_Y_mask_q_reg     1.3978      0.0     0.0000     1.3978  0.0000  SNPS_CLOCK_GATE_HIGH_accelerator_streamer_128_0_128_32_32_64_4_I_dataX_o_hwpe_stream_intf_stream__DATA_WIDTH_128I_dataY_o_hwpe_stream_intf_stream__DATA_WIDTH_128I_dataZ_i_hwpe_stream_intf_stream__DATA_WIDTH_256I_tcdm_hci_core_intf_initiator_DW_128_AW_32_h00000020_BW_32_h00000008_UW_32_h00000001_IW_32_h00000008_EW_32_h00000001_EHW_32_h00000001_252949_1
streamer_i/clk_gate_elem_cnt_q_reg
                                     1.3978      0.0     0.0000     1.3978  0.0000  SNPS_CLOCK_GATE_HIGH_accelerator_streamer_128_0_128_32_32_64_4_I_dataX_o_hwpe_stream_intf_stream__DATA_WIDTH_128I_dataY_o_hwpe_stream_intf_stream__DATA_WIDTH_128I_dataZ_i_hwpe_stream_intf_stream__DATA_WIDTH_256I_tcdm_hci_core_intf_initiator_DW_128_AW_32_h00000020_BW_32_h00000008_UW_32_h00000001_IW_32_h00000008_EW_32_h00000001_EHW_32_h00000001_252949_3
streamer_i/clk_gate_metadata_buf_data_q_reg
                                     1.3978      0.0     0.0000     1.3978  0.0000  SNPS_CLOCK_GATE_HIGH_accelerator_streamer_128_0_128_32_32_64_4_I_dataX_o_hwpe_stream_intf_stream__DATA_WIDTH_128I_dataY_o_hwpe_stream_intf_stream__DATA_WIDTH_128I_dataZ_i_hwpe_stream_intf_stream__DATA_WIDTH_256I_tcdm_hci_core_intf_initiator_DW_128_AW_32_h00000020_BW_32_h00000008_UW_32_h00000001_IW_32_h00000008_EW_32_h00000001_EHW_32_h00000001_252949_4
streamer_i/data_demux                1.5974      0.0     1.5974     0.0000  0.0000  hwpe_stream_demux_static_NB_OUT_STREAMS3_I_push_i_hwpe_stream_intf_stream_sink_DATA_WIDTH_32_h00000080I_pop_o_hwpe_stream_intf_stream_source_DATA_WIDTH_32_h00000080
streamer_i/i_sink                  518.1030      7.4    81.5360    31.6826  0.0000  hci_core_sink_00000000_I_tcdm_hci_core_intf__DW_32_h00000080_BW_32_UW_32_h00000001_IW_32_h00000008_EW_32_h00000001_EHW_32_h00000001I_stream_hwpe_stream_intf_stream_sink_DATA_WIDTH_32_h00000080_252949
streamer_i/i_sink/clk_gate_address_cnt_q_reg
                                     1.3978      0.0     0.0000     1.3978  0.0000  SNPS_CLOCK_GATE_HIGH_hci_core_sink_00000000_I_tcdm_hci_core_intf__DW_32_h00000080_BW_32_UW_32_h00000001_IW_32_h00000008_EW_32_h00000001_EHW_32_h00000001I_stream_hwpe_stream_intf_stream_sink_DATA_WIDTH_32_h00000080_252949_1
streamer_i/i_sink/i_addressgen     257.8534      3.7   153.5539   101.5040  0.0000  hwpe_stream_addressgen_v3_I_addr_o_hwpe_stream_intf_stream__DATA_WIDTH_36
streamer_i/i_sink/i_addressgen/clk_gate_d0_addr_q_reg
                                     1.3978      0.0     0.0000     1.3978  0.0000  SNPS_CLOCK_GATE_HIGH_hwpe_stream_addressgen_v3_I_addr_o_hwpe_stream_intf_stream__DATA_WIDTH_36_0
streamer_i/i_sink/i_addressgen/clk_gate_d1_addr_q_reg
                                     1.3978      0.0     0.0000     1.3978  0.0000  SNPS_CLOCK_GATE_HIGH_hwpe_stream_addressgen_v3_I_addr_o_hwpe_stream_intf_stream__DATA_WIDTH_36_2
streamer_i/i_sink/i_fifo_addr      145.6333      2.1    36.3418   106.4960  0.0000  hwpe_stream_fifo_DATA_WIDTH36_FIFO_DEPTH2_I_push_i_hwpe_stream_intf_stream__DATA_WIDTH_36I_pop_o_hwpe_stream_intf_stream__DATA_WIDTH_36
streamer_i/i_sink/i_fifo_addr/clk_gate_fifo_registers_reg[0]
                                     1.3978      0.0     0.0000     1.3978  0.0000  SNPS_CLOCK_GATE_HIGH_hwpe_stream_fifo_DATA_WIDTH36_FIFO_DEPTH2_I_push_i_hwpe_stream_intf_stream__DATA_WIDTH_36I_pop_o_hwpe_stream_intf_stream__DATA_WIDTH_36_1
streamer_i/i_sink/i_fifo_addr/clk_gate_fifo_registers_reg[1]
                                     1.3978      0.0     0.0000     1.3978  0.0000  SNPS_CLOCK_GATE_HIGH_hwpe_stream_fifo_DATA_WIDTH36_FIFO_DEPTH2_I_push_i_hwpe_stream_intf_stream__DATA_WIDTH_36I_pop_o_hwpe_stream_intf_stream__DATA_WIDTH_36_0
streamer_i/i_sink/no_tcdm_fifos_gen.i_tcdm_assign
                                     0.0000      0.0     0.0000     0.0000  0.0000  hci_core_assign_I_tcdm_target_hci_core_intf__DW_32_h00000080_AW_32_h00000020_BW_32_h00000008_UW_32_h00000001_IW_32_h00000008_EW_32_h00000001_EHW_32_h00000001I_tcdm_initiator_hci_core_intf_initiator_DW_32_h00000080_BW_32_UW_32_h00000001_IW_32_h00000008_EW_32_h00000001_EHW_32_h00000001
streamer_i/i_source                 46.7251      0.7    44.9280     1.7971  0.0000  source_fast_00000000_I_tcdm_hci_core_intf__DW_32_h00000080_BW_32_UW_32_h00000001_IW_32_h00000008_EW_32_h00000001_EHW_32_h00000001I_stream_hwpe_stream_intf_stream_source_DATA_WIDTH_32_h00000080I_addr_i_hwpe_stream_intf_stream_sink_DATA_WIDTH_32_252949
streamer_i/i_tcdm_filter             2.7290      0.0     1.0650     1.6640  0.0000  hci_core_r_valid_filter_I_tcdm_target_hci_core_intf_target_DW_32_h00000080_BW_32_UW_32_h00000001_IW_32_h00000008_EW_32_h00000001_EHW_32_h00000001I_tcdm_initiator_hci_core_intf_initiator_DW_128_AW_32_h00000020_BW_32_h00000008_UW_32_h00000001_IW_32_h00000008_EW_32_h00000001_EHW_32_h00000001_252949
streamer_i/memory_requests_mux     112.5530      1.6   107.5610     4.9920  0.0000  hci_core_mux_dynamic_2_1_I_in_hci_core_intf__DW_32_h00000080_BW_32_UW_32_h00000001_IW_32_h00000008_EW_32_h00000001_EHW_32_h00000001I_out_hci_core_intf__DW_32_h00000080_BW_32_UW_32_h00000001_IW_32_h00000008_EW_32_h00000001_EHW_32_h00000001_252949
streamer_i/req_mux                  18.6368      0.3    18.6368     0.0000  0.0000  hwpe_stream_mux_static_I_push_0_i_hwpe_stream_intf_stream_sink_DATA_WIDTH_48I_push_1_i_hwpe_stream_intf_stream_sink_DATA_WIDTH_48I_pop_o_hwpe_stream_intf_stream_source_DATA_WIDTH_32
--------------------------------  ---------  -------  ---------  ---------  ------  -----------------------------------------------------------------------------------------------------------------------------------------------------------------------------------------------------------------------------------------------------------------------------------------------------------------------------------------------------------------
Total                                                 4231.3523  2772.8896  0.0000

1
