 
****************************************
Report : timing
        -path full
        -delay max
        -max_paths 1
Design : accelerator_streamer_wrap
Version: T-2022.03
Date   : Sat Jul 19 12:39:37 2025
****************************************

 # A fanout number of 1000 was used for high fanout net computations.

Operating Conditions: TT_0P80V_0P00V_0P00V_0P00V_25C   Library: GF22FDX_SC8T_104CPP_BASE_CSC20L_TT_0P80V_0P00V_0P00V_0P00V_25C
Wire Load Model Mode: top

  Startpoint: streamer_i/X_scheduler/meta_chunk_used_bits_q_reg[2]
              (rising edge-triggered flip-flop clocked by clk_i)
  Endpoint: streamer_i/X_scheduler/nonzero_counter_q_reg[29]
            (rising edge-triggered flip-flop clocked by clk_i)
  Path Group: clk_i
  Path Type: max

  Point                                                   Incr       Path
  --------------------------------------------------------------------------
  clock clk_i (rise edge)                               0.0000     0.0000
  clock network delay (ideal)                           0.0000     0.0000
  streamer_i/X_scheduler/meta_chunk_used_bits_q_reg[2]/CLK (SC8T_DFFRQX1_CSC28L)
                                                        0.0000     0.0000 r
  streamer_i/X_scheduler/meta_chunk_used_bits_q_reg[2]/Q (SC8T_DFFRQX1_CSC28L)
                                                       88.7472    88.7472 f
  streamer_i/X_scheduler/U23/Z (SC8T_NR2X1_MR_CSC28L) 224.4969   313.2440 r
  streamer_i/X_scheduler/U2516/Z (SC8T_INVX1_MR_CSC28L)
                                                      204.0730   517.3170 f
  streamer_i/X_scheduler/U2477/Z (SC8T_INVX1_MR_CSC28L)
                                                      138.5425   655.8595 r
  streamer_i/X_scheduler/U705/Z (SC8T_ND2X1_CSC28L)    52.0153   707.8748 f
  streamer_i/X_scheduler/U3365/Z (SC8T_INVX1_MR_CSC28L)
                                                       28.6328   736.5076 r
  streamer_i/X_scheduler/U208/Z (SC8T_OAI21X1_CSC28L)  21.0465   757.5541 f
  streamer_i/X_scheduler/U46/Z (SC8T_ND4X1_CSC28L)     17.9210   775.4750 r
  streamer_i/X_scheduler/U45/Z (SC8T_OAI211X0P5_CSC28L)
                                                       40.8600   816.3351 f
  streamer_i/X_scheduler/meta_searcher/in_i[126] (lzc_00000080_1_1)
                                                        0.0000   816.3351 f
  streamer_i/X_scheduler/meta_searcher/U7/Z (SC8T_NR4X1_CSC28L)
                                                       68.4438   884.7789 r
  streamer_i/X_scheduler/meta_searcher/U26/Z (SC8T_ND2X1_CSC28L)
                                                       44.7169   929.4958 f
  streamer_i/X_scheduler/meta_searcher/U13/Z (SC8T_NR3X0P5_CSC28L)
                                                       35.7248   965.2206 r
  streamer_i/X_scheduler/meta_searcher/U14/Z (SC8T_ND2X1_CSC28L)
                                                       23.6367   988.8573 f
  streamer_i/X_scheduler/meta_searcher/U6/Z (SC8T_NR3X0P5_CSC28L)
                                                       48.4784   1037.3357 r
  streamer_i/X_scheduler/meta_searcher/U15/Z (SC8T_ND2X1_CSC28L)
                                                       50.0714   1087.4071 f
  streamer_i/X_scheduler/meta_searcher/U5/Z (SC8T_NR2X0P5_CSC28L)
                                                       36.0175   1123.4246 r
  streamer_i/X_scheduler/meta_searcher/U18/Z (SC8T_ND2X1_CSC28L)
                                                       19.1786   1142.6031 f
  streamer_i/X_scheduler/meta_searcher/U2/Z (SC8T_NR4X1_MR_CSC28L)
                                                      104.5446   1247.1477 r
  streamer_i/X_scheduler/meta_searcher/U152/Z (SC8T_INVX1_MR_CSC28L)
                                                       46.6653   1293.8130 f
  streamer_i/X_scheduler/meta_searcher/U17/Z (SC8T_NR2X0P5_CSC28L)
                                                       33.0892   1326.9022 r
  streamer_i/X_scheduler/meta_searcher/U139/Z (SC8T_OAI211X0P5_CSC28L)
                                                       30.3101   1357.2123 f
  streamer_i/X_scheduler/meta_searcher/U137/Z (SC8T_OAI211X0P5_CSC28L)
                                                       31.0129   1388.2252 r
  streamer_i/X_scheduler/meta_searcher/cnt_o[1] (lzc_00000080_1_1)
                                                        0.0000   1388.2252 r
  streamer_i/X_scheduler/DP_OP_250J2_130_3242/U228/CO (SC8T_FAX1_A_CSC28L)
                                                       67.5023   1455.7275 r
  streamer_i/X_scheduler/DP_OP_250J2_130_3242/U227/CO (SC8T_FAX1_A_CSC28L)
                                                       52.9204   1508.6479 r
  streamer_i/X_scheduler/DP_OP_250J2_130_3242/U226/CO (SC8T_FAX1_A_CSC28L)
                                                       52.9225   1561.5704 r
  streamer_i/X_scheduler/DP_OP_250J2_130_3242/U225/CO (SC8T_FAX1_A_CSC28L)
                                                       52.9225   1614.4929 r
  streamer_i/X_scheduler/DP_OP_250J2_130_3242/U224/CO (SC8T_FAX1_A_CSC28L)
                                                       52.9225   1667.4154 r
  streamer_i/X_scheduler/DP_OP_250J2_130_3242/U223/CO (SC8T_FAX1_A_CSC28L)
                                                       53.0968   1720.5122 r
  streamer_i/X_scheduler/DP_OP_250J2_130_3242/U222/CO (SC8T_HAX1_MR_CSC28L)
                                                       37.9647   1758.4769 r
  streamer_i/X_scheduler/DP_OP_250J2_130_3242/U221/CO (SC8T_HAX1_MR_CSC28L)
                                                       36.0437   1794.5206 r
  streamer_i/X_scheduler/DP_OP_250J2_130_3242/U220/CO (SC8T_HAX1_MR_CSC28L)
                                                       36.0111   1830.5317 r
  streamer_i/X_scheduler/DP_OP_250J2_130_3242/U219/CO (SC8T_HAX1_MR_CSC28L)
                                                       36.0099   1866.5416 r
  streamer_i/X_scheduler/DP_OP_250J2_130_3242/U218/CO (SC8T_HAX1_MR_CSC28L)
                                                       36.0120   1902.5536 r
  streamer_i/X_scheduler/DP_OP_250J2_130_3242/U217/CO (SC8T_HAX1_MR_CSC28L)
                                                       36.0111   1938.5647 r
  streamer_i/X_scheduler/DP_OP_250J2_130_3242/U216/CO (SC8T_HAX1_MR_CSC28L)
                                                       36.0099   1974.5746 r
  streamer_i/X_scheduler/DP_OP_250J2_130_3242/U215/CO (SC8T_HAX1_MR_CSC28L)
                                                       36.0078   2010.5824 r
  streamer_i/X_scheduler/DP_OP_250J2_130_3242/U214/S (SC8T_HAX1_MR_CSC28L)
                                                       43.7777   2054.3601 r
  streamer_i/X_scheduler/U937/Z (SC8T_OA22IA1A2X1_MR_CSC28L)
                                                       47.0493   2101.4094 r
  streamer_i/X_scheduler/U939/Z (SC8T_OR2X1_MR_CSC28L)
                                                       32.8403   2134.2498 r
  streamer_i/X_scheduler/U940/Z (SC8T_INVX1_MR_CSC28L)
                                                       62.5632   2196.8130 f
  streamer_i/X_scheduler/U19/Z (SC8T_AOI21X1_MR_CSC24L)
                                                       51.8706   2248.6836 r
  streamer_i/X_scheduler/U136/Z (SC8T_ND2X1_CSC28L)    36.7947   2285.4783 f
  streamer_i/X_scheduler/U18/Z (SC8T_NR2X1_MR_CSC24L) 249.6853   2535.1636 r
  streamer_i/X_scheduler/U1054/Z (SC8T_INVX1_MR_CSC28L)
                                                      215.2859   2750.4495 f
  streamer_i/X_scheduler/U749/Z (SC8T_OAI21X1_CSC28L)  50.9773   2801.4268 r
  streamer_i/X_scheduler/U2408/Z (SC8T_XOR2X1_CSC28L)  62.1484   2863.5752 f
  streamer_i/X_scheduler/DP_OP_267J2_138_3694/U33/CO (SC8T_FAX1_A_CSC28L)
                                                       52.5457   2916.1208 f
  streamer_i/X_scheduler/DP_OP_267J2_138_3694/U32/CO (SC8T_FAX1_A_CSC28L)
                                                       53.4009   2969.5217 f
  streamer_i/X_scheduler/DP_OP_267J2_138_3694/U31/CO (SC8T_FAX1_A_CSC28L)
                                                       52.1895   3021.7112 f
  streamer_i/X_scheduler/DP_OP_267J2_138_3694/U30/CO (SC8T_FAX1_A_CSC28L)
                                                       52.1868   3073.8979 f
  streamer_i/X_scheduler/DP_OP_267J2_138_3694/U29/CO (SC8T_FAX1_A_CSC28L)
                                                       52.1868   3126.0847 f
  streamer_i/X_scheduler/DP_OP_267J2_138_3694/U28/CO (SC8T_FAX1_A_CSC28L)
                                                       52.1868   3178.2715 f
  streamer_i/X_scheduler/DP_OP_267J2_138_3694/U27/CO (SC8T_FAX1_A_CSC28L)
                                                       52.1868   3230.4583 f
  streamer_i/X_scheduler/DP_OP_267J2_138_3694/U26/CO (SC8T_FAX1_A_CSC28L)
                                                       52.1868   3282.6450 f
  streamer_i/X_scheduler/DP_OP_267J2_138_3694/U25/CO (SC8T_FAX1_A_CSC28L)
                                                       52.1868   3334.8318 f
  streamer_i/X_scheduler/DP_OP_267J2_138_3694/U24/CO (SC8T_FAX1_A_CSC28L)
                                                       52.1868   3387.0186 f
  streamer_i/X_scheduler/DP_OP_267J2_138_3694/U23/CO (SC8T_FAX1_A_CSC28L)
                                                       52.1868   3439.2053 f
  streamer_i/X_scheduler/DP_OP_267J2_138_3694/U22/CO (SC8T_FAX1_A_CSC28L)
                                                       52.1868   3491.3921 f
  streamer_i/X_scheduler/DP_OP_267J2_138_3694/U21/CO (SC8T_FAX1_A_CSC28L)
                                                       52.1868   3543.5789 f
  streamer_i/X_scheduler/DP_OP_267J2_138_3694/U20/CO (SC8T_FAX1_A_CSC28L)
                                                       52.1868   3595.7656 f
  streamer_i/X_scheduler/DP_OP_267J2_138_3694/U19/CO (SC8T_FAX1_A_CSC28L)
                                                       52.1868   3647.9524 f
  streamer_i/X_scheduler/DP_OP_267J2_138_3694/U18/CO (SC8T_FAX1_A_CSC28L)
                                                       52.1868   3700.1392 f
  streamer_i/X_scheduler/DP_OP_267J2_138_3694/U17/CO (SC8T_FAX1_A_CSC28L)
                                                       52.1868   3752.3259 f
  streamer_i/X_scheduler/DP_OP_267J2_138_3694/U16/CO (SC8T_FAX1_A_CSC28L)
                                                       52.1868   3804.5127 f
  streamer_i/X_scheduler/DP_OP_267J2_138_3694/U15/CO (SC8T_FAX1_A_CSC28L)
                                                       52.1868   3856.6995 f
  streamer_i/X_scheduler/DP_OP_267J2_138_3694/U14/CO (SC8T_FAX1_A_CSC28L)
                                                       52.1868   3908.8862 f
  streamer_i/X_scheduler/DP_OP_267J2_138_3694/U13/CO (SC8T_FAX1_A_CSC28L)
                                                       52.1868   3961.0730 f
  streamer_i/X_scheduler/DP_OP_267J2_138_3694/U12/CO (SC8T_FAX1_A_CSC28L)
                                                       52.1868   4013.2598 f
  streamer_i/X_scheduler/DP_OP_267J2_138_3694/U11/CO (SC8T_FAX1_A_CSC28L)
                                                       52.1868   4065.4465 f
  streamer_i/X_scheduler/DP_OP_267J2_138_3694/U10/CO (SC8T_FAX1_A_CSC28L)
                                                       52.1868   4117.6333 f
  streamer_i/X_scheduler/DP_OP_267J2_138_3694/U9/CO (SC8T_FAX1_A_CSC28L)
                                                       52.1870   4169.8203 f
  streamer_i/X_scheduler/DP_OP_267J2_138_3694/U8/CO (SC8T_FAX1_A_CSC28L)
                                                       52.1870   4222.0073 f
  streamer_i/X_scheduler/DP_OP_267J2_138_3694/U7/CO (SC8T_FAX1_A_CSC28L)
                                                       52.1870   4274.1943 f
  streamer_i/X_scheduler/DP_OP_267J2_138_3694/U6/CO (SC8T_FAX1_A_CSC28L)
                                                       52.1870   4326.3813 f
  streamer_i/X_scheduler/DP_OP_267J2_138_3694/U5/CO (SC8T_FAX1_A_CSC28L)
                                                       52.1870   4378.5684 f
  streamer_i/X_scheduler/DP_OP_267J2_138_3694/U4/S (SC8T_FAX1_A_CSC28L)
                                                       72.1450   4450.7134 r
  streamer_i/X_scheduler/U6/Z (SC8T_AO22X0P5_CSC28L)   32.4702   4483.1836 r
  streamer_i/X_scheduler/nonzero_counter_q_reg[29]/D (SC8T_DFFRQX1_CSC28L)
                                                        0.0000   4483.1836 r
  data arrival time                                              4483.1836

  clock clk_i (rise edge)                             5000.0000  5000.0000
  clock network delay (ideal)                           0.0000   5000.0000
  clock uncertainty                                   -100.0000  4900.0000
  streamer_i/X_scheduler/nonzero_counter_q_reg[29]/CLK (SC8T_DFFRQX1_CSC28L)
                                                        0.0000   4900.0000 r
  library setup time                                  -32.3231   4867.6768
  data required time                                             4867.6768
  --------------------------------------------------------------------------
  data required time                                             4867.6768
  data arrival time                                              -4483.1836
  --------------------------------------------------------------------------
  slack (MET)                                                    384.4932


1
